<?xml version="1.0" encoding="utf-8"?><testsuites><testsuite name="pytest" errors="0" failures="0" skipped="0" tests="8" time="0.057" timestamp="2025-02-17T10:03:36.578743+01:00" hostname="LaptopAGUSTIN"><testcase classname="test.test_complex_calculator.TestSimpleComplexCalculator" name="test_division_por_cero" time="0.001" /><testcase classname="test.test_complex_calculator.TestSimpleComplexCalculator" name="test_division_valida" time="0.001" /><testcase classname="test.test_complex_calculator.TestSimpleComplexCalculator" name="test_entradas_invalidas" time="0.001" /><testcase classname="test.test_complex_calculator.TestSimpleComplexCalculator" name="test_formato_complejo" time="0.001" /><testcase classname="test.test_complex_calculator.TestSimpleComplexCalculator" name="test_operaciones_con_enteros" time="0.001" /><testcase classname="test.test_complex_calculator.TestSimpleComplexCalculator" name="test_operaciones_con_flotantes" time="0.001" /><testcase classname="test.test_complex_calculator.TestSimpleComplexCalculator" name="test_operaciones_con_tipos_mixtos" time="0.001" /><testcase classname="test.test_complex_calculator.TestSimpleComplexCalculator" name="test_validacion_tipos_especificos" time="0.002" /></testsuite></testsuites>